{"/home/yennialex/Documents/Web Development js/LIM009-fe-md-links/src/read.js": {"path":"/home/yennialex/Documents/Web Development js/LIM009-fe-md-links/src/read.js","statementMap":{"0":{"start":{"line":13,"column":38},"end":{"line":41,"column":1}},"1":{"start":{"line":14,"column":22},"end":{"line":14,"column":24}},"2":{"start":{"line":15,"column":24},"end":{"line":15,"column":121}},"3":{"start":{"line":18,"column":17},"end":{"line":18,"column":50}},"4":{"start":{"line":20,"column":2},"end":{"line":39,"column":5}},"5":{"start":{"line":21,"column":22},"end":{"line":21,"column":34}},"6":{"start":{"line":23,"column":28},"end":{"line":23,"column":51}},"7":{"start":{"line":25,"column":21},"end":{"line":25,"column":59}},"8":{"start":{"line":27,"column":16},"end":{"line":27,"column":37}},"9":{"start":{"line":28,"column":4},"end":{"line":28,"column":41}},"10":{"start":{"line":29,"column":16},"end":{"line":29,"column":36}},"11":{"start":{"line":31,"column":16},"end":{"line":35,"column":5}},"12":{"start":{"line":36,"column":4},"end":{"line":36,"column":26}},"13":{"start":{"line":40,"column":2},"end":{"line":40,"column":21}},"14":{"start":{"line":44,"column":23},"end":{"line":76,"column":1}},"15":{"start":{"line":45,"column":21},"end":{"line":45,"column":23}},"16":{"start":{"line":47,"column":2},"end":{"line":73,"column":3}},"17":{"start":{"line":48,"column":4},"end":{"line":69,"column":5}},"18":{"start":{"line":49,"column":6},"end":{"line":51,"column":7}},"19":{"start":{"line":50,"column":8},"end":{"line":50,"column":40}},"20":{"start":{"line":52,"column":6},"end":{"line":52,"column":26}},"21":{"start":{"line":53,"column":12},"end":{"line":69,"column":5}},"22":{"start":{"line":55,"column":17},"end":{"line":55,"column":19}},"23":{"start":{"line":56,"column":20},"end":{"line":56,"column":48}},"24":{"start":{"line":57,"column":6},"end":{"line":60,"column":7}},"25":{"start":{"line":58,"column":8},"end":{"line":58,"column":49}},"26":{"start":{"line":59,"column":8},"end":{"line":59,"column":58}},"27":{"start":{"line":63,"column":6},"end":{"line":63,"column":26}},"28":{"start":{"line":68,"column":6},"end":{"line":68,"column":22}},"29":{"start":{"line":72,"column":4},"end":{"line":72,"column":21}},"30":{"start":{"line":82,"column":24},"end":{"line":93,"column":1}},"31":{"start":{"line":84,"column":2},"end":{"line":92,"column":5}},"32":{"start":{"line":85,"column":20},"end":{"line":85,"column":123}},"33":{"start":{"line":85,"column":56},"end":{"line":85,"column":122}},"34":{"start":{"line":86,"column":4},"end":{"line":88,"column":7}},"35":{"start":{"line":87,"column":6},"end":{"line":87,"column":37}},"36":{"start":{"line":89,"column":4},"end":{"line":89,"column":23}},"37":{"start":{"line":98,"column":31},"end":{"line":104,"column":1}},"38":{"start":{"line":99,"column":15},"end":{"line":99,"column":73}},"39":{"start":{"line":99,"column":50},"end":{"line":99,"column":72}},"40":{"start":{"line":100,"column":2},"end":{"line":100,"column":25}},"41":{"start":{"line":101,"column":2},"end":{"line":101,"column":16}},"42":{"start":{"line":105,"column":25},"end":{"line":126,"column":1}},"43":{"start":{"line":106,"column":22},"end":{"line":106,"column":24}},"44":{"start":{"line":109,"column":2},"end":{"line":112,"column":5}},"45":{"start":{"line":110,"column":4},"end":{"line":110,"column":34}},"46":{"start":{"line":115,"column":2},"end":{"line":115,"column":46}},"47":{"start":{"line":117,"column":19},"end":{"line":117,"column":29}},"48":{"start":{"line":118,"column":20},"end":{"line":118,"column":61}},"49":{"start":{"line":120,"column":23},"end":{"line":124,"column":3}},"50":{"start":{"line":121,"column":4},"end":{"line":121,"column":42}},"51":{"start":{"line":122,"column":4},"end":{"line":122,"column":43}},"52":{"start":{"line":123,"column":4},"end":{"line":123,"column":21}},"53":{"start":{"line":125,"column":2},"end":{"line":125,"column":33}},"54":{"start":{"line":130,"column":31},"end":{"line":153,"column":1}},"55":{"start":{"line":133,"column":2},"end":{"line":152,"column":21}},"56":{"start":{"line":135,"column":6},"end":{"line":135,"column":22}},"57":{"start":{"line":136,"column":6},"end":{"line":150,"column":8}},"58":{"start":{"line":138,"column":8},"end":{"line":138,"column":31}},"59":{"start":{"line":139,"column":8},"end":{"line":139,"column":33}},"60":{"start":{"line":140,"column":8},"end":{"line":140,"column":19}},"61":{"start":{"line":143,"column":8},"end":{"line":147,"column":9}},"62":{"start":{"line":144,"column":10},"end":{"line":144,"column":35}},"63":{"start":{"line":145,"column":10},"end":{"line":145,"column":44}},"64":{"start":{"line":146,"column":10},"end":{"line":146,"column":22}},"65":{"start":{"line":156,"column":23},"end":{"line":181,"column":2}},"66":{"start":{"line":156,"column":55},"end":{"line":181,"column":2}},"67":{"start":{"line":157,"column":2},"end":{"line":180,"column":3}},"68":{"start":{"line":159,"column":4},"end":{"line":175,"column":6}},"69":{"start":{"line":161,"column":6},"end":{"line":174,"column":7}},"70":{"start":{"line":162,"column":8},"end":{"line":162,"column":38}},"71":{"start":{"line":163,"column":8},"end":{"line":167,"column":9}},"72":{"start":{"line":164,"column":10},"end":{"line":166,"column":14}},"73":{"start":{"line":165,"column":12},"end":{"line":165,"column":58}},"74":{"start":{"line":168,"column":13},"end":{"line":174,"column":7}},"75":{"start":{"line":169,"column":8},"end":{"line":169,"column":44}},"76":{"start":{"line":170,"column":13},"end":{"line":174,"column":7}},"77":{"start":{"line":171,"column":8},"end":{"line":171,"column":38}},"78":{"start":{"line":173,"column":8},"end":{"line":173,"column":28}},"79":{"start":{"line":177,"column":26},"end":{"line":177,"column":61}},"80":{"start":{"line":178,"column":4},"end":{"line":178,"column":26}},"81":{"start":{"line":179,"column":4},"end":{"line":179,"column":25}}},"fnMap":{"0":{"name":"(anonymous_0)","decl":{"start":{"line":13,"column":38},"end":{"line":13,"column":39}},"loc":{"start":{"line":13,"column":62},"end":{"line":41,"column":1}},"line":13},"1":{"name":"(anonymous_1)","decl":{"start":{"line":20,"column":19},"end":{"line":20,"column":20}},"loc":{"start":{"line":20,"column":35},"end":{"line":39,"column":3}},"line":20},"2":{"name":"(anonymous_2)","decl":{"start":{"line":44,"column":23},"end":{"line":44,"column":24}},"loc":{"start":{"line":44,"column":41},"end":{"line":76,"column":1}},"line":44},"3":{"name":"(anonymous_3)","decl":{"start":{"line":82,"column":24},"end":{"line":82,"column":25}},"loc":{"start":{"line":82,"column":42},"end":{"line":93,"column":1}},"line":82},"4":{"name":"(anonymous_4)","decl":{"start":{"line":84,"column":21},"end":{"line":84,"column":22}},"loc":{"start":{"line":84,"column":42},"end":{"line":92,"column":3}},"line":84},"5":{"name":"(anonymous_5)","decl":{"start":{"line":85,"column":46},"end":{"line":85,"column":47}},"loc":{"start":{"line":85,"column":56},"end":{"line":85,"column":122}},"line":85},"6":{"name":"(anonymous_6)","decl":{"start":{"line":86,"column":33},"end":{"line":86,"column":34}},"loc":{"start":{"line":86,"column":56},"end":{"line":88,"column":5}},"line":86},"7":{"name":"(anonymous_7)","decl":{"start":{"line":98,"column":31},"end":{"line":98,"column":32}},"loc":{"start":{"line":98,"column":52},"end":{"line":104,"column":1}},"line":98},"8":{"name":"(anonymous_8)","decl":{"start":{"line":99,"column":38},"end":{"line":99,"column":39}},"loc":{"start":{"line":99,"column":50},"end":{"line":99,"column":72}},"line":99},"9":{"name":"(anonymous_9)","decl":{"start":{"line":105,"column":25},"end":{"line":105,"column":26}},"loc":{"start":{"line":105,"column":41},"end":{"line":126,"column":1}},"line":105},"10":{"name":"(anonymous_10)","decl":{"start":{"line":109,"column":21},"end":{"line":109,"column":22}},"loc":{"start":{"line":109,"column":37},"end":{"line":112,"column":3}},"line":109},"11":{"name":"(anonymous_11)","decl":{"start":{"line":120,"column":23},"end":{"line":120,"column":24}},"loc":{"start":{"line":120,"column":38},"end":{"line":124,"column":3}},"line":120},"12":{"name":"(anonymous_12)","decl":{"start":{"line":130,"column":31},"end":{"line":130,"column":32}},"loc":{"start":{"line":130,"column":47},"end":{"line":153,"column":1}},"line":130},"13":{"name":"(anonymous_13)","decl":{"start":{"line":134,"column":19},"end":{"line":134,"column":20}},"loc":{"start":{"line":134,"column":35},"end":{"line":151,"column":5}},"line":134},"14":{"name":"(anonymous_14)","decl":{"start":{"line":136,"column":33},"end":{"line":136,"column":34}},"loc":{"start":{"line":136,"column":40},"end":{"line":141,"column":7}},"line":136},"15":{"name":"(anonymous_15)","decl":{"start":{"line":141,"column":15},"end":{"line":141,"column":16}},"loc":{"start":{"line":141,"column":22},"end":{"line":150,"column":7}},"line":141},"16":{"name":"(anonymous_16)","decl":{"start":{"line":156,"column":23},"end":{"line":156,"column":24}},"loc":{"start":{"line":156,"column":55},"end":{"line":181,"column":2}},"line":156},"17":{"name":"(anonymous_17)","decl":{"start":{"line":156,"column":67},"end":{"line":156,"column":68}},"loc":{"start":{"line":156,"column":88},"end":{"line":181,"column":1}},"line":156},"18":{"name":"(anonymous_18)","decl":{"start":{"line":159,"column":39},"end":{"line":159,"column":40}},"loc":{"start":{"line":159,"column":52},"end":{"line":175,"column":5}},"line":159},"19":{"name":"(anonymous_19)","decl":{"start":{"line":164,"column":50},"end":{"line":164,"column":51}},"loc":{"start":{"line":164,"column":58},"end":{"line":166,"column":11}},"line":164}},"branchMap":{"0":{"loc":{"start":{"line":48,"column":4},"end":{"line":69,"column":5}},"type":"if","locations":[{"start":{"line":48,"column":4},"end":{"line":69,"column":5}},{"start":{"line":48,"column":4},"end":{"line":69,"column":5}}],"line":48},"1":{"loc":{"start":{"line":49,"column":6},"end":{"line":51,"column":7}},"type":"if","locations":[{"start":{"line":49,"column":6},"end":{"line":51,"column":7}},{"start":{"line":49,"column":6},"end":{"line":51,"column":7}}],"line":49},"2":{"loc":{"start":{"line":53,"column":12},"end":{"line":69,"column":5}},"type":"if","locations":[{"start":{"line":53,"column":12},"end":{"line":69,"column":5}},{"start":{"line":53,"column":12},"end":{"line":69,"column":5}}],"line":53},"3":{"loc":{"start":{"line":143,"column":8},"end":{"line":147,"column":9}},"type":"if","locations":[{"start":{"line":143,"column":8},"end":{"line":147,"column":9}},{"start":{"line":143,"column":8},"end":{"line":147,"column":9}}],"line":143},"4":{"loc":{"start":{"line":156,"column":38},"end":{"line":156,"column":50}},"type":"default-arg","locations":[{"start":{"line":156,"column":48},"end":{"line":156,"column":50}}],"line":156},"5":{"loc":{"start":{"line":157,"column":2},"end":{"line":180,"column":3}},"type":"if","locations":[{"start":{"line":157,"column":2},"end":{"line":180,"column":3}},{"start":{"line":157,"column":2},"end":{"line":180,"column":3}}],"line":157},"6":{"loc":{"start":{"line":161,"column":6},"end":{"line":174,"column":7}},"type":"if","locations":[{"start":{"line":161,"column":6},"end":{"line":174,"column":7}},{"start":{"line":161,"column":6},"end":{"line":174,"column":7}}],"line":161},"7":{"loc":{"start":{"line":161,"column":10},"end":{"line":161,"column":43}},"type":"binary-expr","locations":[{"start":{"line":161,"column":10},"end":{"line":161,"column":26}},{"start":{"line":161,"column":30},"end":{"line":161,"column":43}}],"line":161},"8":{"loc":{"start":{"line":163,"column":8},"end":{"line":167,"column":9}},"type":"if","locations":[{"start":{"line":163,"column":8},"end":{"line":167,"column":9}},{"start":{"line":163,"column":8},"end":{"line":167,"column":9}}],"line":163},"9":{"loc":{"start":{"line":163,"column":12},"end":{"line":163,"column":45}},"type":"binary-expr","locations":[{"start":{"line":163,"column":12},"end":{"line":163,"column":28}},{"start":{"line":163,"column":32},"end":{"line":163,"column":45}}],"line":163},"10":{"loc":{"start":{"line":168,"column":13},"end":{"line":174,"column":7}},"type":"if","locations":[{"start":{"line":168,"column":13},"end":{"line":174,"column":7}},{"start":{"line":168,"column":13},"end":{"line":174,"column":7}}],"line":168},"11":{"loc":{"start":{"line":168,"column":17},"end":{"line":168,"column":51}},"type":"binary-expr","locations":[{"start":{"line":168,"column":17},"end":{"line":168,"column":33}},{"start":{"line":168,"column":37},"end":{"line":168,"column":51}}],"line":168},"12":{"loc":{"start":{"line":170,"column":13},"end":{"line":174,"column":7}},"type":"if","locations":[{"start":{"line":170,"column":13},"end":{"line":174,"column":7}},{"start":{"line":170,"column":13},"end":{"line":174,"column":7}}],"line":170},"13":{"loc":{"start":{"line":170,"column":17},"end":{"line":170,"column":51}},"type":"binary-expr","locations":[{"start":{"line":170,"column":17},"end":{"line":170,"column":34}},{"start":{"line":170,"column":38},"end":{"line":170,"column":51}}],"line":170}},"s":{"0":1,"1":5,"2":5,"3":5,"4":5,"5":10,"6":10,"7":10,"8":10,"9":10,"10":10,"11":10,"12":10,"13":5,"14":1,"15":18,"16":18,"17":18,"18":13,"19":8,"20":13,"21":3,"22":3,"23":3,"24":3,"25":10,"26":10,"27":3,"28":0,"29":2,"30":1,"31":5,"32":5,"33":4,"34":4,"35":0,"36":4,"37":1,"38":1,"39":2,"40":1,"41":1,"42":1,"43":3,"44":3,"45":7,"46":3,"47":3,"48":3,"49":3,"50":3,"51":3,"52":3,"53":3,"54":1,"55":3,"56":5,"57":5,"58":2,"59":2,"60":2,"61":1,"62":1,"63":1,"64":1,"65":1,"66":5,"67":5,"68":4,"69":4,"70":1,"71":1,"72":1,"73":0,"74":3,"75":1,"76":2,"77":1,"78":1,"79":1,"80":1,"81":1},"f":{"0":5,"1":10,"2":18,"3":5,"4":5,"5":4,"6":0,"7":1,"8":2,"9":3,"10":7,"11":3,"12":3,"13":5,"14":2,"15":1,"16":5,"17":5,"18":4,"19":0},"b":{"0":[13,3],"1":[8,5],"2":[3,0],"3":[1,0],"4":[0],"5":[4,1],"6":[1,3],"7":[4,2],"8":[1,0],"9":[1,1],"10":[1,2],"11":[3,1],"12":[1,1],"13":[2,2]},"_coverageSchema":"43e27e138ebf9cfc5966b082cf9a028302ed4184","hash":"b7f6bc95017319b9875ba0a65ba00305eca25bed"}
}
