TN:
SF:/home/yennialex/Documents/Web Development js/LIM009-fe-md-links/src/read.js
FN:13,(anonymous_0)
FN:20,(anonymous_1)
FN:44,(anonymous_2)
FN:82,(anonymous_3)
FN:84,(anonymous_4)
FN:85,(anonymous_5)
FN:86,(anonymous_6)
FN:98,(anonymous_7)
FN:99,(anonymous_8)
FN:105,(anonymous_9)
FN:109,(anonymous_10)
FN:120,(anonymous_11)
FN:130,(anonymous_12)
FN:134,(anonymous_13)
FN:136,(anonymous_14)
FN:141,(anonymous_15)
FN:156,(anonymous_16)
FN:156,(anonymous_17)
FN:159,(anonymous_18)
FN:164,(anonymous_19)
FNF:20
FNH:18
FNDA:5,(anonymous_0)
FNDA:10,(anonymous_1)
FNDA:18,(anonymous_2)
FNDA:5,(anonymous_3)
FNDA:5,(anonymous_4)
FNDA:4,(anonymous_5)
FNDA:0,(anonymous_6)
FNDA:1,(anonymous_7)
FNDA:2,(anonymous_8)
FNDA:3,(anonymous_9)
FNDA:7,(anonymous_10)
FNDA:3,(anonymous_11)
FNDA:3,(anonymous_12)
FNDA:5,(anonymous_13)
FNDA:2,(anonymous_14)
FNDA:1,(anonymous_15)
FNDA:5,(anonymous_16)
FNDA:5,(anonymous_17)
FNDA:4,(anonymous_18)
FNDA:0,(anonymous_19)
DA:13,1
DA:14,5
DA:15,5
DA:18,5
DA:20,5
DA:21,10
DA:23,10
DA:25,10
DA:27,10
DA:28,10
DA:29,10
DA:31,10
DA:36,10
DA:40,5
DA:44,1
DA:45,18
DA:47,18
DA:48,18
DA:49,13
DA:50,8
DA:52,13
DA:53,3
DA:55,3
DA:56,3
DA:57,3
DA:58,10
DA:59,10
DA:63,3
DA:68,0
DA:72,2
DA:82,1
DA:84,5
DA:85,5
DA:86,4
DA:87,0
DA:89,4
DA:98,1
DA:99,2
DA:100,1
DA:101,1
DA:105,1
DA:106,3
DA:109,3
DA:110,7
DA:115,3
DA:117,3
DA:118,3
DA:120,3
DA:121,3
DA:122,3
DA:123,3
DA:125,3
DA:130,1
DA:133,3
DA:135,5
DA:136,5
DA:138,2
DA:139,2
DA:140,2
DA:143,1
DA:144,1
DA:145,1
DA:146,1
DA:156,5
DA:157,5
DA:159,4
DA:161,4
DA:162,1
DA:163,1
DA:164,1
DA:165,0
DA:168,3
DA:169,1
DA:170,2
DA:171,1
DA:173,1
DA:177,1
DA:178,1
DA:179,1
LF:79
LH:76
BRDA:48,0,0,13
BRDA:48,0,1,3
BRDA:49,1,0,8
BRDA:49,1,1,5
BRDA:53,2,0,3
BRDA:53,2,1,0
BRDA:143,3,0,1
BRDA:143,3,1,0
BRDA:156,4,0,0
BRDA:157,5,0,4
BRDA:157,5,1,1
BRDA:161,6,0,1
BRDA:161,6,1,3
BRDA:161,7,0,4
BRDA:161,7,1,2
BRDA:163,8,0,1
BRDA:163,8,1,0
BRDA:163,9,0,1
BRDA:163,9,1,1
BRDA:168,10,0,1
BRDA:168,10,1,2
BRDA:168,11,0,3
BRDA:168,11,1,1
BRDA:170,12,0,1
BRDA:170,12,1,1
BRDA:170,13,0,2
BRDA:170,13,1,2
BRF:27
BRH:23
end_of_record
